<?xml version="1.0" encoding="UTF-8"?>
<testng-results ignored="0" total="1" passed="1" failed="0" skipped="0">
  <reporter-output>
  </reporter-output>
  <suite started-at="2023-10-30T12:38:41 IST" name="Default suite" finished-at="2023-10-30T12:39:14 IST" duration-ms="33700">
    <groups>
    </groups>
    <test started-at="2023-10-30T12:38:41 IST" name="Default test" finished-at="2023-10-30T12:39:14 IST" duration-ms="33700">
      <class name="Testing.ConLinkPrininGoogle">
        <test-method signature="links()[pri:0, instance:Testing.ConLinkPrininGoogle@16150369]" started-at="2023-10-30T12:38:41 IST" name="links" finished-at="2023-10-30T12:39:14 IST" duration-ms="33477" status="PASS">
          <reporter-output>
          </reporter-output>
        </test-method> <!-- links -->
      </class> <!-- Testing.ConLinkPrininGoogle -->
    </test> <!-- Default test -->
  </suite> <!-- Default suite -->
</testng-results>
