<?xml version="1.0" encoding="UTF-8"?>
<!-- Generated by org.testng.reporters.JUnitXMLReporter -->
<testsuite ignored="0" hostname="DESKTOP-LANNSOB" failures="0" tests="5" name="Test" time="64.334" errors="0" timestamp="2023-10-19T18:35:58 IST">
  <testcase classname="Amazon_test.TestCase4" name="login_amazon" time="14.777"/>
  <testcase classname="Amazon_test.TestCase3" name="login_amazon" time="11.582"/>
  <testcase classname="Amazon_test.TestCase2" name="login_amazon" time="11.685"/>
  <testcase classname="Amazon_test.TestCase1" name="login_amazon" time="12.728"/>
  <testcase classname="Amazon_test.TestCase5" name="login_amazon" time="13.37"/>
</testsuite> <!-- Test -->
